make.exe all --print-data-base --no-builtin-variables --no-builtin-rules --question
Access denied - .

File not found - -NAME

Access denied - .

File not found - -NAME

make.exe: *** No rule to make target 'all'.  Stop.

# GNU Make 4.2.1
# Built for Windows32
# Copyright (C) 1988-2016 Free Software Foundation, Inc.
# License GPLv3+: GNU GPL version 3 or later <http://gnu.org/licenses/gpl.html>
# This is free software: you are free to change and redistribute it.
# There is NO WARRANTY, to the extent permitted by law.

# Make data base, printed on Fri May 13 21:27:48 2022

# Variables

# 'override' directive
GNUMAKEFLAGS := 
# automatic
<D = $(patsubst %/,%,$(patsubst %\,%,$(dir $<)))
# automatic
?F = $(notdir $?)
# default
.SHELLFLAGS := -c
# makefile
MAKEFLAGS = pqrR
# environment
VSCODE_LOG_NATIVE = false
# automatic
?D = $(patsubst %/,%,$(patsubst %\,%,$(dir $?)))
# automatic
@D = $(patsubst %/,%,$(patsubst %\,%,$(dir $@)))
# environment
HOMEDRIVE = C:
# automatic
@F = $(notdir $@)
# automatic
^D = $(patsubst %/,%,$(patsubst %\,%,$(dir $^)))
# makefile
CURDIR := d:/non-academic/Work/development/cargo-fork
# default
SHELL := sh.exe
# environment
WINDIR = C:\Windows
# environment
VSCODE_NLS_CONFIG = {"locale":"en-us","availableLanguages":{},"_languagePackSupport":true}
# makefile (from 'Makefile', line 10)
CFLAGS := -c -Wall
# environment
ONEDRIVE = C:\Users\Pokey\OneDrive
# environment
PATHEXT = .COM;.EXE;.BAT;.CMD;.VBS;.VBE;.JS;.JSE;.WSF;.WSH;.MSC
# makefile (from 'Makefile', line 1)
MAKEFILE_LIST :=  Makefile
# environment
FPS_BROWSER_USER_PROFILE_STRING = Default
# environment
TMP = C:\Users\Pokey\AppData\Local\Temp
# makefile (from 'Makefile', line 2)
EXEC_NAME := main.run
# environment
VSCODE_VERBOSE_LOGGING = true
# environment
PROGRAMW6432 = C:\Program Files
# environment
PROGRAMDATA = C:\ProgramData
# environment
VSCODE_IPC_HOOK_EXTHOST = \\.\pipe\vscode-ipc-6ecd574a-a3bc-47b0-9658-18bb6f594ed9-sock
# environment
VSCODE_CWD = D:\non-academic\Work\development\cargo-fork
# default
MAKE_HOST := Windows32
# environment
PATH = C:\Windows\system32;C:\Windows;C:\Windows\System32\Wbem;C:\Windows\System32\WindowsPowerShell\v1.0\;C:\Windows\System32\OpenSSH\;C:\Program Files\nodejs\;C:\Program Files\Git\cmd;C:\Program Files\dotnet\;C:\MinGW\bin;C:\Program Files\PuTTY\;C:\cygnus\cygwin-b20\H-i586-cygwin32\bin;C:\Program Files\Wolfram Research\WolframScript\;C:\Users\Pokey\AppData\Local\Programs\Python\Python38-32\Scripts\;C:\Users\Pokey\AppData\Local\Programs\Python\Python38-32\;C:\Users\Pokey\Miniconda3;C:\Users\Pokey\Miniconda3\Library\mingw-w64\bin;C:\Users\Pokey\Miniconda3\Library\usr\bin;C:\Users\Pokey\Miniconda3\Library\bin;C:\Users\Pokey\Miniconda3\Scripts;C:\Users\Pokey\AppData\Local\Microsoft\WindowsApps;C:\Users\Pokey\AppData\Local\Programs\Microsoft VS Code\bin;C:\Users\Pokey\AppData\Local\atom\bin;C:\Users\Pokey\AppData\Roaming\npm;C:\Users\Pokey\.dotnet\tools;C:\Users\Pokey\AppData\Local\GitHubDesktop\bin;C:\Users\Pokey\AppData\Local\gitkraken\bin
# environment
COMMONPROGRAMW6432 = C:\Program Files\Common Files
# environment
ZES_ENABLE_SYSMAN = 1
# environment
PROCESSOR_ARCHITECTURE = AMD64
# environment
USERPROFILE = C:\Users\Pokey
# makefile (from 'Makefile', line 7)
SRCS_H := 
# environment
ALLUSERSPROFILE = C:\ProgramData
# environment
VSCODE_LOG_STACK = false
# environment
NUMBER_OF_PROCESSORS = 8
# environment
ELECTRON_RUN_AS_NODE = 1
# default
.FEATURES := target-specific order-only second-expansion else-if shortest-stem undefine oneshell archives jobserver output-sync load
# makefile (from 'Makefile', line 4)
SRCDIR := .
# automatic
%F = $(notdir $%)
# environment
CHROME_CRASHPAD_PIPE_NAME = \\.\pipe\crashpad_1196_WWXWJTENDDNCWIOO
# environment
VSCODE_PIPE_LOGGING = true
# environment
COMPUTERNAME = DESKTOP-26QP4I5
# environment
PROGRAMFILES = C:\Program Files
# default
.LOADED := 
# environment
DRIVERDATA = C:\Windows\System32\Drivers\DriverData
# makefile (from 'Makefile', line 6)
SRCS_CPP := 
# environment
ORIGINAL_XDG_CURRENT_DESKTOP = undefined
# environment
USERNAME = Pokey
# environment
PUBLIC = C:\Users\Public
# environment
VSCODE_AMD_ENTRYPOINT = vs/workbench/api/node/extensionHostProcess
# environment
VSCODE_CODE_CACHE_PATH = C:\Users\Pokey\AppData\Roaming\Code\CachedData\da15b6fd3ef856477bf6f4fb29ba1b7af717770d
# environment
APPLICATION_INSIGHTS_NO_DIAGNOSTIC_CHANNEL = 1
# environment
COMMONPROGRAMFILES = C:\Program Files\Common Files
# environment
LOGONSERVER = \\DESKTOP-26QP4I5
# environment
VSCODE_HANDLES_UNCAUGHT_ERRORS = true
# environment
USERDOMAIN = DESKTOP-26QP4I5
# environment
MAKELEVEL := 0
# default
MAKE = $(MAKE_COMMAND)
# default
MAKECMDGOALS := all
# makefile (from 'Makefile', line 9)
CC := g++
# default
MAKE_VERSION := 4.2.1
# environment
__PSLOCKDOWNPOLICY = 0
# environment
PROGRAMFILES(X86) = C:\Program Files (x86)
# automatic
%D = $(patsubst %/,%,$(patsubst %\,%,$(dir $%)))
# environment
LOCALAPPDATA = C:\Users\Pokey\AppData\Local
# environment
PSMODULEPATH = C:\Program Files\WindowsPowerShell\Modules;C:\Windows\system32\WindowsPowerShell\v1.0\Modules
# default
MAKE_COMMAND := make.exe
# default
.VARIABLES := 
# automatic
*F = $(notdir $*)
# environment
PROCESSOR_IDENTIFIER = Intel64 Family 6 Model 126 Stepping 5, GenuineIntel
# environment
OS = Windows_NT
# environment
VSCODE_IPC_HOOK = \\.\pipe\750cc54670bc0a2aea3e37ffbc71758f-1.67.1-main-sock
# environment
HOMEPATH = \Users\Pokey
# environment
COMMONPROGRAMFILES(X86) = C:\Program Files (x86)\Common Files
# environment
PROMPT = $P$G
# environment
MFLAGS = -pqrR
# automatic
*D = $(patsubst %/,%,$(patsubst %\,%,$(dir $*)))
# environment
SYSTEMROOT = C:\Windows
# automatic
+D = $(patsubst %/,%,$(patsubst %\,%,$(dir $+)))
# automatic
+F = $(notdir $+)
# environment
APPDATA = C:\Users\Pokey\AppData\Roaming
# environment
TEMP = C:\Users\Pokey\AppData\Local\Temp
# environment
COMSPEC = C:\Windows\system32\cmd.exe
# 'override' directive
.SHELLSTATUS := 1
# default
MAKEFILES := 
# automatic
<F = $(notdir $<)
# environment
LC_ALL = C
# automatic
^F = $(notdir $^)
# default
SUFFIXES := 
# environment
SYSTEMDRIVE = C:
# environment
SESSIONNAME = Console
# environment
PROCESSOR_REVISION = 7e05
# environment
MOZ_PLUGIN_PATH = C:\PROGRAM FILES (X86)\FOXIT SOFTWARE\FOXIT READER\plugins\
# default
.INCLUDE_DIRS = .
# default
.RECIPEPREFIX := 
# makefile
.DEFAULT_GOAL := main.run
# environment
LANG = C
# environment
PROCESSOR_LEVEL = 6
# environment
FPS_BROWSER_APP_PROFILE_STRING = Internet Explorer
# environment
VSCODE_PID = 1196
# environment
USERDOMAIN_ROAMINGPROFILE = DESKTOP-26QP4I5
# variable set hash-table stats:
# Load=103/1024=10%, Rehash=0, Collisions=17/139=12%

# Pattern-specific Variable Values

# No pattern-specific variable values.

# Directories

# . (key d:/non-academic/Work/development/cargo-fork, mtime 1652470059): 24 files, no impossibilities.

# 24 files, no impossibilities in 1 directories.

# Implicit Rules

# No implicit rules.

# Files

# Not a target:
all:
#  Command line target.
#  Implicit rule search has been done.
#  File does not exist.
#  File has not been updated.

# Not a target:
Makefile:
#  Implicit rule search has been done.
#  Last modified 2022-04-20 04:32:22
#  File has been updated.
#  Successfully updated.

main.run:
#  Implicit rule search has not been done.
#  Modification time never checked.
#  File has not been updated.
#  recipe to execute (from 'Makefile', line 13):
	@echo "--------BUILD--------"
	$(CC) $(SRCS_CPP) -o $(EXEC_NAME)
	

# Not a target:
.DEFAULT:
#  Implicit rule search has not been done.
#  Modification time never checked.
#  File has not been updated.

run: clean main.run
#  Implicit rule search has not been done.
#  Modification time never checked.
#  File has not been updated.
#  recipe to execute (from 'Makefile', line 22):
	@echo "--------RUN--------"
	@./$(EXEC_NAME)

clean:
#  Implicit rule search has not been done.
#  Modification time never checked.
#  File has not been updated.
#  recipe to execute (from 'Makefile', line 17):
	@echo "--------CLEAN--------"
	rm -rf *.run
	rm -rf *.o

# files hash-table stats:
# Load=7/1024=1%, Rehash=0, Collisions=0/19=0%
# VPATH Search Paths

# No 'vpath' search paths.

# No general ('VPATH' variable) search path.

# strcache buffers: 1 (0) / strings = 29 / storage = 347 B / avg = 11 B
# current buf: size = 8162 B / used = 347 B / count = 29 / avg = 11 B

# strcache performance: lookups = 39 / hit rate = 25%
# hash-table stats:
# Load=29/8192=0%, Rehash=0, Collisions=1/39=3%
# Finished Make data base on Fri May 13 21:27:48 2022

 
